<?xml version="1.0" encoding="UTF-8"?>
<!-- Generated by org.testng.reporters.JUnitReportReporter -->
<testsuite hostname="LAPTOP-G790OGBU" name="TestScript.TestFrame" tests="3" failures="0" timestamp="13 May 2024 19:13:18 GMT" time="0.981" errors="0">
  <testcase name="performNestedFrame" time="0.633" classname="TestScript.TestFrame"/>
  <testcase name="VerifyBrowser" time="0.009" classname="TestScript.TestFrame"/>
  <testcase name="performSingleFrameHandling" time="0.339" classname="TestScript.TestFrame"/>
</testsuite> <!-- TestScript.TestFrame -->
