<?xml version="1.0" encoding="UTF-8"?>
<!-- Generated by org.testng.reporters.JUnitReportReporter -->
<testsuite hostname="LAPTOP-G790OGBU" name="TestScript.Testhome" tests="2" failures="0" timestamp="13 May 2024 20:20:04 GMT" time="5.949" errors="0">
  <testcase name="skipSing" time="5.933" classname="TestScript.Testhome"/>
  <testcase name="VerifyBrowser" time="0.016" classname="TestScript.Testhome"/>
</testsuite> <!-- TestScript.Testhome -->
