<?xml version="1.0" encoding="UTF-8"?>
<!-- Generated by org.testng.reporters.JUnitReportReporter -->
<testsuite hostname="LAPTOP-G790OGBU" name="TestScript.TestAlert" tests="5" failures="0" timestamp="13 May 2024 09:49:50 GMT" time="1.221" errors="0">
  <testcase name="verifyAccpectConfirmationAlert" time="0.246" classname="TestScript.TestAlert"/>
  <testcase name="SimpleAlert" time="0.339" classname="TestScript.TestAlert"/>
  <testcase name="VerifyBrowser" time="0.016" classname="TestScript.TestAlert"/>
  <testcase name="verifyCancelConfirmationAlert" time="0.358" classname="TestScript.TestAlert"/>
  <testcase name="PromptAlert" time="0.262" classname="TestScript.TestAlert"/>
</testsuite> <!-- TestScript.TestAlert -->
