<?xml version="1.0" encoding="UTF-8"?>
<!-- Generated by org.testng.reporters.JUnitReportReporter -->
<testsuite hostname="LAPTOP-G790OGBU" name="TestScript.TestWindowHandle" tests="4" failures="0" timestamp="13 May 2024 20:03:24 GMT" time="6.928" errors="0">
  <testcase name="verifyMultipleWindowHandling" time="2.599" classname="TestScript.TestWindowHandle"/>
  <testcase name="VerifyBrowser" time="0.013" classname="TestScript.TestWindowHandle"/>
  <testcase name="singelwindowHandle" time="3.018" classname="TestScript.TestWindowHandle"/>
  <testcase name="verifySeprateWindowHandle" time="1.298" classname="TestScript.TestWindowHandle"/>
</testsuite> <!-- TestScript.TestWindowHandle -->
